<?xml version="1.0" encoding="UTF-8"?>
<coverage generated="1682270683396" clover="4.4.1">
   <project name="shared" timestamp="1682270683313">
      <metrics coveredelements="2075" complexity="567" loc="3921" methods="245" classes="79" statements="1702" packages="1" coveredconditionals="408" coveredmethods="231" elements="2447" ncloc="3352" files="79" conditionals="500" coveredstatements="1436"/>
      <package name="edu.duke.ece651.team12.shared">
         <metrics coveredelements="2075" complexity="567" loc="3921" methods="245" classes="79" statements="1702" coveredconditionals="408" coveredmethods="231" elements="2447" ncloc="3352" files="79" conditionals="500" coveredstatements="1436"/>
         <file path="/home/dsr/ece651/ece651-team12-risc/shared/src/main/java/edu/duke/ece651/team12/shared/AttackCostChecker.java" name="AttackCostChecker.java">
            <metrics coveredelements="10" coveredconditionals="2" complexity="3" loc="26" coveredmethods="2" methods="2" elements="10" classes="1" ncloc="18" statements="6" conditionals="2" coveredstatements="6"/>
            <class name="AttackCostChecker">
               <metrics coveredelements="10" coveredconditionals="2" complexity="3" coveredmethods="2" methods="2" elements="10" statements="6" conditionals="2" coveredstatements="6"/>
            </class>
            <line complexity="1" visibility="public" signature="AttackCostChecker()" num="5" count="6" type="method"/>
            <line num="5" count="6" type="stmt"/>
            <line complexity="2" visibility="public" signature="checkRule(Request,Map,PlayerInfo) : boolean" num="13" count="4" type="method"/>
            <line num="15" count="4" type="stmt"/>
            <line num="17" count="4" type="stmt"/>
            <line num="18" count="4" type="stmt"/>
            <line falsecount="1" truecount="3" num="18" type="cond"/>
            <line num="19" count="3" type="stmt"/>
            <line num="23" count="1" type="stmt"/>
         </file>
         <file path="/home/dsr/ece651/ece651-team12-risc/shared/src/main/java/edu/duke/ece651/team12/shared/AttackUnitChecker.java" name="AttackUnitChecker.java">
            <metrics coveredelements="26" coveredconditionals="10" complexity="8" loc="43" coveredmethods="3" methods="3" elements="27" classes="1" ncloc="35" statements="14" conditionals="10" coveredstatements="13"/>
            <class name="AttackUnitChecker">
               <metrics coveredelements="26" coveredconditionals="10" complexity="8" coveredmethods="3" methods="3" elements="27" statements="14" conditionals="10" coveredstatements="13"/>
            </class>
            <line complexity="1" visibility="public" signature="AttackUnitChecker()" num="9" count="6" type="method"/>
            <line num="9" count="6" type="stmt"/>
            <line complexity="3" visibility="private" signature="compareUnits(ArrayList&lt;Integer&gt;,ArrayList&lt;Integer&gt;) : boolean" num="11" count="6" type="method"/>
            <line num="12" count="6" type="stmt"/>
            <line falsecount="5" truecount="36" num="12" type="cond"/>
            <line num="13" count="36" type="stmt"/>
            <line falsecount="35" truecount="1" num="13" type="cond"/>
            <line num="14" count="1" type="stmt"/>
            <line num="17" count="5" type="stmt"/>
            <line complexity="4" visibility="public" signature="checkRule(Request,Map,PlayerInfo) : boolean" num="22" count="7" type="method"/>
            <line num="24" count="7" type="stmt"/>
            <line num="25" count="7" type="stmt"/>
            <line falsecount="6" truecount="1" num="25" type="cond"/>
            <line num="26" count="1" type="stmt"/>
            <line num="29" count="6" type="stmt"/>
            <line num="30" count="39" type="stmt"/>
            <line falsecount="33" truecount="6" num="30" type="cond"/>
            <line num="31" count="6" type="stmt"/>
            <line falsecount="1" truecount="5" num="31" type="cond"/>
            <line num="32" count="5" type="stmt"/>
            <line num="35" count="1" type="stmt"/>
            <line num="40" count="0" type="stmt"/>
         </file>
         <file path="/home/dsr/ece651/ece651-team12-risc/shared/src/main/java/edu/duke/ece651/team12/shared/Map.java" name="Map.java">
            <metrics coveredelements="102" coveredconditionals="30" complexity="35" loc="147" coveredmethods="9" methods="9" elements="118" classes="1" ncloc="135" statements="71" conditionals="38" coveredstatements="63"/>
            <class name="Map">
               <metrics coveredelements="102" coveredconditionals="30" complexity="35" coveredmethods="9" methods="9" elements="118" statements="71" conditionals="38" coveredstatements="63"/>
            </class>
            <line complexity="1" visibility="public" signature="Map(String)" num="15" count="24" type="method"/>
            <line num="16" count="24" type="stmt"/>
            <line num="17" count="24" type="stmt"/>
            <line num="18" count="24" type="stmt"/>
            <line complexity="1" visibility="public" signature="init(InitResponse) : void" num="21" count="395" type="method"/>
            <line num="22" count="395" type="stmt"/>
            <line num="23" count="395" type="stmt"/>
            <line num="24" count="395" type="stmt"/>
            <line num="25" count="395" type="stmt"/>
            <line num="26" count="395" type="stmt"/>
            <line num="27" count="395" type="stmt"/>
            <line complexity="3" visibility="public" signature="updateVision(PlayerInfo) : void" num="30" count="2" type="method"/>
            <line num="31" count="2" type="stmt"/>
            <line num="32" count="6" type="stmt"/>
            <line falsecount="0" truecount="6" num="32" type="cond"/>
            <line num="33" count="6" type="stmt"/>
            <line num="34" count="6" type="stmt"/>
            <line num="37" count="0" type="stmt"/>
            <line complexity="3" visibility="public" signature="update(ArrayList&lt;TurnResponse&gt;) : void" num="43" count="34" type="method"/>
            <line num="44" count="34" type="stmt"/>
            <line num="45" count="645" type="stmt"/>
            <line num="46" count="26040" type="stmt"/>
            <line falsecount="24935" truecount="1105" num="46" type="cond"/>
            <line num="47" count="1105" type="stmt"/>
            <line num="49" count="1105" type="stmt"/>
            <line num="50" count="1105" type="stmt"/>
            <line num="51" count="1105" type="stmt"/>
            <line num="52" count="1105" type="stmt"/>
            <line num="53" count="1105" type="stmt"/>
            <line num="54" count="1105" type="stmt"/>
            <line num="55" count="1105" type="stmt"/>
            <line num="56" count="1105" type="stmt"/>
            <line falsecount="1105" truecount="0" num="56" type="cond"/>
            <line num="57" count="0" type="stmt"/>
            <line num="58" count="0" type="stmt"/>
            <line num="59" count="0" type="stmt"/>
            <line complexity="3" visibility="public" signature="getFoodProduct(PlayerInfo) : int" num="67" count="47" type="method"/>
            <line num="68" count="47" type="stmt"/>
            <line num="69" count="47" type="stmt"/>
            <line num="70" count="288" type="stmt"/>
            <line falsecount="146" truecount="142" num="70" type="cond"/>
            <line num="71" count="142" type="stmt"/>
            <line num="74" count="47" type="stmt"/>
            <line complexity="3" visibility="public" signature="getTechProduct(PlayerInfo) : int" num="77" count="47" type="method"/>
            <line num="78" count="47" type="stmt"/>
            <line num="79" count="47" type="stmt"/>
            <line num="80" count="288" type="stmt"/>
            <line falsecount="146" truecount="142" num="80" type="cond"/>
            <line num="81" count="142" type="stmt"/>
            <line num="84" count="47" type="stmt"/>
            <line complexity="12" visibility="public" signature="shortestDistance(PlayerInfo) : int[][]" num="87" count="26" type="method"/>
            <line num="88" count="26" type="stmt"/>
            <line num="90" count="26" type="stmt"/>
            <line falsecount="26" truecount="624" num="90" type="cond"/>
            <line num="91" count="624" type="stmt"/>
            <line falsecount="624" truecount="14976" num="91" type="cond"/>
            <line num="92" count="14976" type="stmt"/>
            <line falsecount="2304" truecount="12672" num="92" type="cond"/>
            <line num="93" count="12672" type="stmt"/>
            <line num="95" count="2304" type="stmt"/>
            <line falsecount="2304" truecount="0" num="95" type="cond"/>
            <line num="96" count="0" type="stmt"/>
            <line num="99" count="2304" type="stmt"/>
            <line num="103" count="26" type="stmt"/>
            <line falsecount="26" truecount="624" num="103" type="cond"/>
            <line num="104" count="624" type="stmt"/>
            <line falsecount="624" truecount="14976" num="104" type="cond"/>
            <line num="105" count="14976" type="stmt"/>
            <line falsecount="14976" truecount="359424" num="105" type="cond"/>
            <line num="106" count="359424" type="stmt"/>
            <line falsecount="355694" truecount="3730" num="106" type="cond"/>
            <line num="108" count="3730" type="stmt"/>
            <line num="109" count="3730" type="stmt"/>
            <line num="114" count="26" type="stmt"/>
            <line complexity="3" visibility="public" signature="updateProduction(PlayerInfo) : void" num="117" count="2" type="method"/>
            <line num="118" count="2" type="stmt"/>
            <line falsecount="0" truecount="2" num="118" type="cond"/>
            <line num="119" count="2" type="stmt"/>
            <line num="120" count="2" type="stmt"/>
            <line num="122" count="2" type="stmt"/>
            <line falsecount="0" truecount="2" num="122" type="cond"/>
            <line num="123" count="2" type="stmt"/>
            <line num="124" count="2" type="stmt"/>
            <line complexity="6" visibility="public" signature="hasVision(Territory,PlayerInfo) : boolean" num="128" count="60" type="method"/>
            <line num="129" count="60" type="stmt"/>
            <line falsecount="57" truecount="3" num="129" type="cond"/>
            <line num="130" count="3" type="stmt"/>
            <line num="132" count="57" type="stmt"/>
            <line num="133" count="0" type="stmt"/>
            <line falsecount="0" truecount="0" num="133" type="cond"/>
            <line num="134" count="0" type="stmt"/>
            <line num="137" count="57" type="stmt"/>
            <line falsecount="57" truecount="0" num="137" type="cond"/>
            <line num="138" count="0" type="stmt"/>
            <line num="140" count="57" type="stmt"/>
            <line num="141" count="463" type="stmt"/>
            <line falsecount="423" truecount="40" num="141" type="cond"/>
            <line num="142" count="40" type="stmt"/>
            <line num="145" count="17" type="stmt"/>
         </file>
         <file path="/home/dsr/ece651/ece651-team12-risc/shared/src/main/java/edu/duke/ece651/team12/shared/SpyTrainTechChecker.java" name="SpyTrainTechChecker.java">
            <metrics coveredelements="9" coveredconditionals="2" complexity="3" loc="15" coveredmethods="2" methods="2" elements="9" classes="1" ncloc="14" statements="5" conditionals="2" coveredstatements="5"/>
            <class name="SpyTrainTechChecker">
               <metrics coveredelements="9" coveredconditionals="2" complexity="3" coveredmethods="2" methods="2" elements="9" statements="5" conditionals="2" coveredstatements="5"/>
            </class>
            <line complexity="1" visibility="public" signature="SpyTrainTechChecker()" num="5" count="6" type="method"/>
            <line num="5" count="6" type="stmt"/>
            <line complexity="2" visibility="public" signature="checkRule(Request,Map,PlayerInfo) : boolean" num="6" count="5" type="method"/>
            <line num="8" count="5" type="stmt"/>
            <line num="9" count="5" type="stmt"/>
            <line falsecount="4" truecount="1" num="9" type="cond"/>
            <line num="10" count="1" type="stmt"/>
            <line num="13" count="4" type="stmt"/>
         </file>
         <file path="/home/dsr/ece651/ece651-team12-risc/shared/src/main/java/edu/duke/ece651/team12/shared/AttackAdjacencyChecker.java" name="AttackAdjacencyChecker.java">
            <metrics coveredelements="21" coveredconditionals="7" complexity="9" loc="36" coveredmethods="2" methods="2" elements="23" classes="1" ncloc="29" statements="13" conditionals="8" coveredstatements="12"/>
            <class name="AttackAdjacencyChecker">
               <metrics coveredelements="21" coveredconditionals="7" complexity="9" coveredmethods="2" methods="2" elements="23" statements="13" conditionals="8" coveredstatements="12"/>
            </class>
            <line complexity="1" visibility="public" signature="AttackAdjacencyChecker()" num="6" count="6" type="method"/>
            <line num="6" count="6" type="stmt"/>
            <line complexity="8" visibility="public" signature="checkRule(Request,Map,PlayerInfo) : boolean" num="9" count="5" type="method"/>
            <line num="12" count="5" type="stmt"/>
            <line num="13" count="5" type="stmt"/>
            <line num="15" count="5" type="stmt"/>
            <line num="16" count="99" type="stmt"/>
            <line falsecount="94" truecount="5" num="16" type="cond"/>
            <line num="17" count="5" type="stmt"/>
            <line num="19" count="94" type="stmt"/>
            <line falsecount="89" truecount="5" num="19" type="cond"/>
            <line num="20" count="5" type="stmt"/>
            <line num="23" count="5" type="stmt"/>
            <line falsecount="1" truecount="4" num="23" type="cond"/>
            <line num="24" count="4" type="stmt"/>
            <line num="26" count="1" type="stmt"/>
            <line falsecount="1" truecount="0" num="26" type="cond"/>
            <line num="27" count="0" type="stmt"/>
            <line num="31" count="1" type="stmt"/>
         </file>
         <file path="/home/dsr/ece651/ece651-team12-risc/shared/src/main/java/edu/duke/ece651/team12/shared/Spy.java" name="Spy.java">
            <metrics coveredelements="2" coveredconditionals="0" complexity="1" loc="12" coveredmethods="1" methods="1" elements="2" classes="1" ncloc="8" statements="1" conditionals="0" coveredstatements="1"/>
            <class name="Spy">
               <metrics coveredelements="2" coveredconditionals="0" complexity="1" coveredmethods="1" methods="1" elements="2" statements="1" conditionals="0" coveredstatements="1"/>
            </class>
            <line complexity="1" visibility="public" signature="Spy(PlayerInfo)" num="11" count="9" type="method"/>
            <line num="11" count="9" type="stmt"/>
         </file>
         <file path="/home/dsr/ece651/ece651-team12-risc/shared/src/main/java/edu/duke/ece651/team12/shared/ScorchedEarthOwnershipChecker.java" name="ScorchedEarthOwnershipChecker.java">
            <metrics coveredelements="9" coveredconditionals="2" complexity="3" loc="16" coveredmethods="2" methods="2" elements="9" classes="1" ncloc="15" statements="5" conditionals="2" coveredstatements="5"/>
            <class name="ScorchedEarthOwnershipChecker">
               <metrics coveredelements="9" coveredconditionals="2" complexity="3" coveredmethods="2" methods="2" elements="9" statements="5" conditionals="2" coveredstatements="5"/>
            </class>
            <line complexity="1" visibility="public" signature="ScorchedEarthOwnershipChecker()" num="5" count="6" type="method"/>
            <line num="5" count="6" type="stmt"/>
            <line complexity="2" visibility="public" signature="checkRule(Request,Map,PlayerInfo) : boolean" num="6" count="2" type="method"/>
            <line num="8" count="2" type="stmt"/>
            <line num="9" count="2" type="stmt"/>
            <line falsecount="1" truecount="1" num="9" type="cond"/>
            <line num="10" count="1" type="stmt"/>
            <line num="14" count="1" type="stmt"/>
         </file>
         <file path="/home/dsr/ece651/ece651-team12-risc/shared/src/main/java/edu/duke/ece651/team12/shared/ServerMap.java" name="ServerMap.java">
            <metrics coveredelements="14" coveredconditionals="0" complexity="5" loc="40" coveredmethods="5" methods="5" elements="14" classes="1" ncloc="32" statements="9" conditionals="0" coveredstatements="9"/>
            <class name="ServerMap">
               <metrics coveredelements="14" coveredconditionals="0" complexity="5" coveredmethods="5" methods="5" elements="14" statements="9" conditionals="0" coveredstatements="9"/>
            </class>
            <line complexity="1" visibility="public" signature="ServerMap(String)" num="5" count="17" type="method"/>
            <line num="5" count="17" type="stmt"/>
            <line complexity="1" visibility="public" signature="initialize(BufferedReader) : void" num="10" count="1" type="method"/>
            <line complexity="1" visibility="public" signature="initialize() : void" num="12" count="1" type="method"/>
            <line complexity="1" visibility="public" signature="toString() : String" num="14" count="2" type="method"/>
            <line num="16" count="2" type="stmt"/>
            <line num="17" count="2" type="stmt"/>
            <line num="18" count="28" type="stmt"/>
            <line num="20" count="2" type="stmt"/>
            <line complexity="1" visibility="public" signature="generateResonse() : ArrayList&lt;TurnResponse&gt;" num="23" count="14" type="method"/>
            <line num="24" count="14" type="stmt"/>
            <line num="25" count="14" type="stmt"/>
            <line num="26" count="312" type="stmt"/>
            <line num="38" count="14" type="stmt"/>
         </file>
         <file path="/home/dsr/ece651/ece651-team12-risc/shared/src/main/java/edu/duke/ece651/team12/shared/CloakTechChecker.java" name="CloakTechChecker.java">
            <metrics coveredelements="9" coveredconditionals="2" complexity="3" loc="17" coveredmethods="2" methods="2" elements="9" classes="1" ncloc="16" statements="5" conditionals="2" coveredstatements="5"/>
            <class name="CloakTechChecker">
               <metrics coveredelements="9" coveredconditionals="2" complexity="3" coveredmethods="2" methods="2" elements="9" statements="5" conditionals="2" coveredstatements="5"/>
            </class>
            <line complexity="1" visibility="public" signature="CloakTechChecker()" num="5" count="6" type="method"/>
            <line num="5" count="6" type="stmt"/>
            <line complexity="2" visibility="public" signature="checkRule(Request,Map,PlayerInfo) : boolean" num="6" count="3" type="method"/>
            <line num="8" count="3" type="stmt"/>
            <line num="9" count="3" type="stmt"/>
            <line falsecount="1" truecount="2" num="9" type="cond"/>
            <line num="10" count="2" type="stmt"/>
            <line num="13" count="1" type="stmt"/>
         </file>
         <file path="/home/dsr/ece651/ece651-team12-risc/shared/src/main/java/edu/duke/ece651/team12/shared/MoveRequestResolver.java" name="MoveRequestResolver.java">
            <metrics coveredelements="17" coveredconditionals="2" complexity="4" loc="39" coveredmethods="3" methods="3" elements="17" classes="1" ncloc="35" statements="12" conditionals="2" coveredstatements="12"/>
            <class name="MoveRequestResolver">
               <metrics coveredelements="17" coveredconditionals="2" complexity="4" coveredmethods="3" methods="3" elements="17" statements="12" conditionals="2" coveredstatements="12"/>
            </class>
            <line complexity="1" visibility="public" signature="MoveRequestResolver(ServerMap,PrintStream)" num="10" count="2" type="method"/>
            <line num="11" count="2" type="stmt"/>
            <line num="12" count="2" type="stmt"/>
            <line complexity="1" visibility="public" signature="resolve(ArrayList&lt;Request&gt;) : void" num="15" count="2" type="method"/>
            <line num="17" count="2" type="stmt"/>
            <line num="18" count="3" type="stmt"/>
            <line complexity="2" visibility="private" signature="move_unit(Territory,Territory,ArrayList&lt;Integer&gt;,PlayerInfo) : void" num="25" count="3" type="method"/>
            <line num="29" count="3" type="stmt"/>
            <line falsecount="3" truecount="21" num="29" type="cond"/>
            <line num="30" count="21" type="stmt"/>
            <line num="31" count="21" type="stmt"/>
            <line num="32" count="21" type="stmt"/>
            <line num="33" count="21" type="stmt"/>
            <line num="34" count="21" type="stmt"/>
            <line num="35" count="21" type="stmt"/>
            <line num="36" count="21" type="stmt"/>
         </file>
         <file path="/home/dsr/ece651/ece651-team12-risc/shared/src/main/java/edu/duke/ece651/team12/shared/CloakRequest.java" name="CloakRequest.java">
            <metrics coveredelements="2" coveredconditionals="0" complexity="1" loc="11" coveredmethods="1" methods="1" elements="2" classes="1" ncloc="8" statements="1" conditionals="0" coveredstatements="1"/>
            <class name="CloakRequest">
               <metrics coveredelements="2" coveredconditionals="0" complexity="1" coveredmethods="1" methods="1" elements="2" statements="1" conditionals="0" coveredstatements="1"/>
            </class>
            <line complexity="1" visibility="public" signature="CloakRequest(PlayerInfo,int)" num="8" count="5" type="method"/>
            <line num="9" count="5" type="stmt"/>
         </file>
         <file path="/home/dsr/ece651/ece651-team12-risc/shared/src/main/java/edu/duke/ece651/team12/shared/RailwayConstructRequest.java" name="RailwayConstructRequest.java">
            <metrics coveredelements="2" coveredconditionals="0" complexity="1" loc="10" coveredmethods="1" methods="1" elements="2" classes="1" ncloc="9" statements="1" conditionals="0" coveredstatements="1"/>
            <class name="RailwayConstructRequest">
               <metrics coveredelements="2" coveredconditionals="0" complexity="1" coveredmethods="1" methods="1" elements="2" statements="1" conditionals="0" coveredstatements="1"/>
            </class>
            <line complexity="1" visibility="public" signature="RailwayConstructRequest(PlayerInfo,int,int)" num="5" count="10" type="method"/>
            <line num="8" count="10" type="stmt"/>
         </file>
         <file path="/home/dsr/ece651/ece651-team12-risc/shared/src/main/java/edu/duke/ece651/team12/shared/Color.java" name="Color.java">
            <metrics coveredelements="53" coveredconditionals="18" complexity="21" loc="63" coveredmethods="4" methods="4" elements="53" classes="1" ncloc="58" statements="31" conditionals="18" coveredstatements="31"/>
            <class name="Color">
               <metrics coveredelements="53" coveredconditionals="18" complexity="21" coveredmethods="4" methods="4" elements="53" statements="31" conditionals="18" coveredstatements="31"/>
            </class>
            <line complexity="1" visibility="public" signature="Color(int,int,int)" num="10" count="80" type="method"/>
            <line num="11" count="80" type="stmt"/>
            <line num="12" count="80" type="stmt"/>
            <line num="13" count="80" type="stmt"/>
            <line complexity="1" visibility="public" signature="Color()" num="15" count="5" type="method"/>
            <line num="16" count="5" type="stmt"/>
            <line num="17" count="5" type="stmt"/>
            <line num="18" count="5" type="stmt"/>
            <line complexity="3" visibility="public" signature="equals(Object) : boolean" num="21" count="8709" type="method"/>
            <line num="23" count="8709" type="stmt"/>
            <line falsecount="1" truecount="8708" num="23" type="cond"/>
            <line num="24" count="8708" type="stmt"/>
            <line num="25" count="8708" type="stmt"/>
            <line num="27" count="1" type="stmt"/>
            <line complexity="16" visibility="public" signature="toString() : String" num="30" count="7275" type="method"/>
            <line num="32" count="7275" type="stmt"/>
            <line falsecount="4571" truecount="2704" num="32" type="cond"/>
            <line num="33" count="2704" type="stmt"/>
            <line num="35" count="4571" type="stmt"/>
            <line falsecount="2174" truecount="2397" num="35" type="cond"/>
            <line num="36" count="2397" type="stmt"/>
            <line num="38" count="2174" type="stmt"/>
            <line falsecount="32" truecount="2142" num="38" type="cond"/>
            <line num="39" count="2142" type="stmt"/>
            <line num="42" count="32" type="stmt"/>
            <line falsecount="31" truecount="1" num="42" type="cond"/>
            <line num="43" count="1" type="stmt"/>
            <line num="45" count="31" type="stmt"/>
            <line falsecount="29" truecount="2" num="45" type="cond"/>
            <line num="46" count="2" type="stmt"/>
            <line num="48" count="29" type="stmt"/>
            <line num="49" count="29" type="stmt"/>
            <line falsecount="16" truecount="13" num="49" type="cond"/>
            <line num="50" count="13" type="stmt"/>
            <line num="52" count="29" type="stmt"/>
            <line num="53" count="29" type="stmt"/>
            <line falsecount="16" truecount="13" num="53" type="cond"/>
            <line num="54" count="13" type="stmt"/>
            <line num="56" count="29" type="stmt"/>
            <line num="57" count="29" type="stmt"/>
            <line falsecount="16" truecount="13" num="57" type="cond"/>
            <line num="58" count="13" type="stmt"/>
            <line num="60" count="29" type="stmt"/>
            <line num="61" count="29" type="stmt"/>
         </file>
         <file path="/home/dsr/ece651/ece651-team12-risc/shared/src/main/java/edu/duke/ece651/team12/shared/Territory.java" name="Territory.java">
            <metrics coveredelements="45" coveredconditionals="0" complexity="20" loc="107" coveredmethods="15" methods="19" elements="70" classes="1" ncloc="92" statements="49" conditionals="2" coveredstatements="30"/>
            <class name="Territory">
               <metrics coveredelements="45" coveredconditionals="0" complexity="20" coveredmethods="15" methods="19" elements="70" statements="49" conditionals="2" coveredstatements="30"/>
            </class>
            <line complexity="1" visibility="public" signature="clone() : Object" num="18" count="6" type="method"/>
            <line num="19" count="6" type="stmt"/>
            <line num="20" count="6" type="stmt"/>
            <line complexity="1" visibility="public" signature="setUnits(ArrayList&lt;Integer&gt;) : void" num="23" count="2216" type="method"/>
            <line num="24" count="2216" type="stmt"/>
            <line num="25" count="2216" type="stmt"/>
            <line num="26" count="15512" type="stmt"/>
            <line complexity="1" visibility="public" signature="Territory(int,String,int,ArrayList&lt;Integer&gt;,PlayerInfo)" num="30" count="400" type="method"/>
            <line num="35" count="400" type="stmt"/>
            <line num="36" count="400" type="stmt"/>
            <line num="37" count="400" type="stmt"/>
            <line num="38" count="400" type="stmt"/>
            <line num="39" count="400" type="stmt"/>
            <line complexity="1" visibility="public" signature="getId() : int" num="42" count="802" type="method"/>
            <line num="42" count="802" type="stmt"/>
            <line complexity="1" visibility="public" signature="getNumUnit() : int" num="43" count="0" type="method"/>
            <line num="43" count="0" type="stmt"/>
            <line complexity="1" visibility="public" signature="getName() : String" num="44" count="103" type="method"/>
            <line num="44" count="103" type="stmt"/>
            <line complexity="1" visibility="public" signature="isAdjacentTo(Territory) : boolean" num="47" count="693" type="method"/>
            <line num="48" count="693" type="stmt"/>
            <line complexity="1" visibility="public" signature="isAdjacentTo(int) : boolean" num="51" count="709" type="method"/>
            <line num="51" count="709" type="stmt"/>
            <line complexity="1" visibility="public" signature="getPlayerInfo() : PlayerInfo" num="53" count="21964" type="method"/>
            <line num="53" count="21964" type="stmt"/>
            <line complexity="1" visibility="public" signature="setPlayerInfo(PlayerInfo) : void" num="54" count="1107" type="method"/>
            <line num="54" count="1107" type="stmt"/>
            <line complexity="1" visibility="public" signature="setNumUnit(int) : void" num="55" count="1106" type="method"/>
            <line num="55" count="1106" type="stmt"/>
            <line complexity="1" visibility="public" signature="toString() : String" num="57" count="0" type="method"/>
            <line num="59" count="0" type="stmt"/>
            <line num="60" count="0" type="stmt"/>
            <line num="61" count="0" type="stmt"/>
            <line num="62" count="0" type="stmt"/>
            <line num="63" count="0" type="stmt"/>
            <line num="64" count="0" type="stmt"/>
            <line num="65" count="0" type="stmt"/>
            <line num="66" count="0" type="stmt"/>
            <line num="67" count="0" type="stmt"/>
            <line num="68" count="0" type="stmt"/>
            <line complexity="1" visibility="protected" signature="neighbor() : String" num="71" count="37" type="method"/>
            <line num="72" count="37" type="stmt"/>
            <line num="73" count="37" type="stmt"/>
            <line num="74" count="164" type="stmt"/>
            <line num="75" count="164" type="stmt"/>
            <line num="77" count="37" type="stmt"/>
            <line complexity="2" visibility="protected" signature="printSpies() : String" num="80" count="74" type="method"/>
            <line num="81" count="74" type="stmt"/>
            <line num="82" count="74" type="stmt"/>
            <line num="83" count="0" type="stmt"/>
            <line num="84" count="0" type="stmt"/>
            <line num="85" count="0" type="stmt"/>
            <line falsecount="0" truecount="0" num="85" type="cond"/>
            <line num="86" count="0" type="stmt"/>
            <line num="88" count="0" type="stmt"/>
            <line num="89" count="0" type="stmt"/>
            <line num="91" count="74" type="stmt"/>
            <line complexity="1" visibility="public" signature="displayMyTerritory() : String" num="93" count="0" type="method"/>
            <line num="94" count="0" type="stmt"/>
            <line complexity="1" visibility="public" signature="displayEnemyTerritory() : String" num="96" count="0" type="method"/>
            <line num="96" count="0" type="stmt"/>
            <line complexity="1" visibility="public" signature="update(PlayerInfo,int,ArrayList&lt;Integer&gt;) : void" num="98" count="1110" type="method"/>
            <line num="99" count="1110" type="stmt"/>
            <line num="100" count="1110" type="stmt"/>
            <line num="101" count="1110" type="stmt"/>
            <line complexity="1" visibility="public" signature="belongsTo(PlayerInfo) : boolean" num="104" count="20927" type="method"/>
            <line num="104" count="20927" type="stmt"/>
            <line complexity="1" visibility="public" signature="modify_dist(int,int) : void" num="106" count="4" type="method"/>
            <line num="106" count="4" type="stmt"/>
         </file>
         <file path="/home/dsr/ece651/ece651-team12-risc/shared/src/main/java/edu/duke/ece651/team12/shared/SpyMoveRepeatChecker.java" name="SpyMoveRepeatChecker.java">
            <metrics coveredelements="11" coveredconditionals="2" complexity="4" loc="18" coveredmethods="2" methods="2" elements="11" classes="1" ncloc="17" statements="7" conditionals="2" coveredstatements="7"/>
            <class name="SpyMoveRepeatChecker">
               <metrics coveredelements="11" coveredconditionals="2" complexity="4" coveredmethods="2" methods="2" elements="11" statements="7" conditionals="2" coveredstatements="7"/>
            </class>
            <line complexity="1" visibility="public" signature="SpyMoveRepeatChecker()" num="5" count="6" type="method"/>
            <line num="5" count="6" type="stmt"/>
            <line complexity="3" visibility="public" signature="checkRule(Request,Map,PlayerInfo) : boolean" num="6" count="2" type="method"/>
            <line num="8" count="2" type="stmt"/>
            <line num="9" count="2" type="stmt"/>
            <line num="10" count="4" type="stmt"/>
            <line falsecount="3" truecount="1" num="10" type="cond"/>
            <line num="11" count="1" type="stmt"/>
            <line num="12" count="1" type="stmt"/>
            <line num="15" count="1" type="stmt"/>
         </file>
         <file path="/home/dsr/ece651/ece651-team12-risc/shared/src/main/java/edu/duke/ece651/team12/shared/UpgradeCostChecker.java" name="UpgradeCostChecker.java">
            <metrics coveredelements="24" coveredconditionals="4" complexity="5" loc="34" coveredmethods="3" methods="3" elements="24" classes="1" ncloc="31" statements="17" conditionals="4" coveredstatements="17"/>
            <class name="UpgradeCostChecker">
               <metrics coveredelements="24" coveredconditionals="4" complexity="5" coveredmethods="3" methods="3" elements="24" statements="17" conditionals="4" coveredstatements="17"/>
            </class>
            <line complexity="1" visibility="public" signature="UpgradeCostChecker()" num="6" count="6" type="method"/>
            <line num="6" count="6" type="stmt"/>
            <line complexity="1" visibility="public" signature="costs() : int[]" num="7" count="5" type="method"/>
            <line num="8" count="5" type="stmt"/>
            <line num="9" count="5" type="stmt"/>
            <line num="10" count="5" type="stmt"/>
            <line num="11" count="5" type="stmt"/>
            <line num="12" count="5" type="stmt"/>
            <line num="13" count="5" type="stmt"/>
            <line num="14" count="5" type="stmt"/>
            <line num="15" count="5" type="stmt"/>
            <line complexity="3" visibility="public" signature="checkRule(Request,Map,PlayerInfo) : boolean" num="17" count="4" type="method"/>
            <line num="19" count="4" type="stmt"/>
            <line num="20" count="4" type="stmt"/>
            <line num="21" count="4" type="stmt"/>
            <line falsecount="4" truecount="24" num="21" type="cond"/>
            <line num="22" count="24" type="stmt"/>
            <line num="24" count="4" type="stmt"/>
            <line num="26" count="4" type="stmt"/>
            <line falsecount="3" truecount="1" num="26" type="cond"/>
            <line num="27" count="1" type="stmt"/>
            <line num="31" count="3" type="stmt"/>
         </file>
         <file path="/home/dsr/ece651/ece651-team12-risc/shared/src/main/java/edu/duke/ece651/team12/shared/UpgradeUnitChecker.java" name="UpgradeUnitChecker.java">
            <metrics coveredelements="20" coveredconditionals="7" complexity="7" loc="35" coveredmethods="3" methods="3" elements="22" classes="1" ncloc="30" statements="11" conditionals="8" coveredstatements="10"/>
            <class name="UpgradeUnitChecker">
               <metrics coveredelements="20" coveredconditionals="7" complexity="7" coveredmethods="3" methods="3" elements="22" statements="11" conditionals="8" coveredstatements="10"/>
            </class>
            <line complexity="1" visibility="public" signature="UpgradeUnitChecker()" num="9" count="6" type="method"/>
            <line num="9" count="6" type="stmt"/>
            <line complexity="3" visibility="private" signature="compareUnits(ArrayList&lt;Integer&gt;,ArrayList&lt;Integer&gt;) : boolean" num="11" count="5" type="method"/>
            <line num="12" count="5" type="stmt"/>
            <line falsecount="4" truecount="25" num="12" type="cond"/>
            <line num="13" count="25" type="stmt"/>
            <line falsecount="24" truecount="1" num="13" type="cond"/>
            <line num="14" count="1" type="stmt"/>
            <line num="17" count="4" type="stmt"/>
            <line complexity="3" visibility="public" signature="checkRule(Request,Map,PlayerInfo) : boolean" num="19" count="5" type="method"/>
            <line num="21" count="5" type="stmt"/>
            <line num="22" count="5" type="stmt"/>
            <line falsecount="0" truecount="5" num="22" type="cond"/>
            <line num="23" count="5" type="stmt"/>
            <line falsecount="1" truecount="4" num="23" type="cond"/>
            <line num="24" count="4" type="stmt"/>
            <line num="27" count="1" type="stmt"/>
            <line num="32" count="0" type="stmt"/>
         </file>
         <file path="/home/dsr/ece651/ece651-team12-risc/shared/src/main/java/edu/duke/ece651/team12/shared/RailwaySabotageRequestResolver.java" name="RailwaySabotageRequestResolver.java">
            <metrics coveredelements="34" coveredconditionals="10" complexity="11" loc="50" coveredmethods="2" methods="2" elements="34" classes="1" ncloc="46" statements="22" conditionals="10" coveredstatements="22"/>
            <class name="RailwaySabotageRequestResolver">
               <metrics coveredelements="34" coveredconditionals="10" complexity="11" coveredmethods="2" methods="2" elements="34" statements="22" conditionals="10" coveredstatements="22"/>
            </class>
            <line complexity="1" visibility="public" signature="RailwaySabotageRequestResolver(ServerMap,PrintStream)" num="10" count="2" type="method"/>
            <line num="11" count="2" type="stmt"/>
            <line num="12" count="2" type="stmt"/>
            <line complexity="10" visibility="public" signature="resolve(ArrayList&lt;Request&gt;) : void" num="15" count="3" type="method"/>
            <line num="16" count="3" type="stmt"/>
            <line num="17" count="2" type="stmt"/>
            <line num="18" count="2" type="stmt"/>
            <line num="19" count="2" type="stmt"/>
            <line num="20" count="4" type="stmt"/>
            <line falsecount="2" truecount="2" num="20" type="cond"/>
            <line num="21" count="2" type="stmt"/>
            <line num="22" count="2" type="stmt"/>
            <line num="25" count="2" type="stmt"/>
            <line num="26" count="48" type="stmt"/>
            <line falsecount="45" truecount="3" num="26" type="cond"/>
            <line num="27" count="3" type="stmt"/>
            <line falsecount="2" truecount="1" num="27" type="cond"/>
            <line num="28" count="1" type="stmt"/>
            <line num="29" count="1" type="stmt"/>
            <line num="32" count="48" type="stmt"/>
            <line falsecount="47" truecount="1" num="32" type="cond"/>
            <line num="33" count="1" type="stmt"/>
            <line num="34" count="1" type="stmt"/>
            <line num="35" count="1" type="stmt"/>
            <line num="36" count="1" type="stmt"/>
            <line num="42" count="2" type="stmt"/>
            <line falsecount="1" truecount="1" num="42" type="cond"/>
            <line num="43" count="1" type="stmt"/>
            <line num="44" count="1" type="stmt"/>
         </file>
         <file path="/home/dsr/ece651/ece651-team12-risc/shared/src/main/java/edu/duke/ece651/team12/shared/ResearchDuplicationChecker.java" name="ResearchDuplicationChecker.java">
            <metrics coveredelements="9" coveredconditionals="2" complexity="3" loc="17" coveredmethods="2" methods="2" elements="9" classes="1" ncloc="16" statements="5" conditionals="2" coveredstatements="5"/>
            <class name="ResearchDuplicationChecker">
               <metrics coveredelements="9" coveredconditionals="2" complexity="3" coveredmethods="2" methods="2" elements="9" statements="5" conditionals="2" coveredstatements="5"/>
            </class>
            <line complexity="1" visibility="public" signature="ResearchDuplicationChecker()" num="5" count="6" type="method"/>
            <line num="5" count="6" type="stmt"/>
            <line complexity="2" visibility="public" signature="checkRule(Request,Map,PlayerInfo) : boolean" num="6" count="2" type="method"/>
            <line num="8" count="2" type="stmt"/>
            <line falsecount="1" truecount="1" num="8" type="cond"/>
            <line num="9" count="1" type="stmt"/>
            <line num="13" count="1" type="stmt"/>
            <line num="14" count="1" type="stmt"/>
         </file>
         <file path="/home/dsr/ece651/ece651-team12-risc/shared/src/main/java/edu/duke/ece651/team12/shared/SpyMoveOwnershipChecker.java" name="SpyMoveOwnershipChecker.java">
            <metrics coveredelements="10" coveredconditionals="2" complexity="3" loc="18" coveredmethods="2" methods="2" elements="10" classes="1" ncloc="16" statements="6" conditionals="2" coveredstatements="6"/>
            <class name="SpyMoveOwnershipChecker">
               <metrics coveredelements="10" coveredconditionals="2" complexity="3" coveredmethods="2" methods="2" elements="10" statements="6" conditionals="2" coveredstatements="6"/>
            </class>
            <line complexity="1" visibility="public" signature="SpyMoveOwnershipChecker()" num="5" count="6" type="method"/>
            <line num="5" count="6" type="stmt"/>
            <line complexity="2" visibility="public" signature="checkRule(Request,Map,PlayerInfo) : boolean" num="7" count="5" type="method"/>
            <line num="9" count="5" type="stmt"/>
            <line num="10" count="5" type="stmt"/>
            <line num="11" count="8" type="stmt"/>
            <line falsecount="4" truecount="4" num="11" type="cond"/>
            <line num="12" count="4" type="stmt"/>
            <line num="15" count="1" type="stmt"/>
         </file>
         <file path="/home/dsr/ece651/ece651-team12-risc/shared/src/main/java/edu/duke/ece651/team12/shared/AbstractMapFactory.java" name="AbstractMapFactory.java">
            <metrics coveredelements="0" coveredconditionals="0" complexity="0" loc="6" coveredmethods="0" methods="0" elements="0" classes="1" ncloc="5" statements="0" conditionals="0" coveredstatements="0"/>
            <class name="AbstractMapFactory">
               <metrics coveredelements="0" coveredconditionals="0" complexity="0" coveredmethods="0" methods="0" elements="0" statements="0" conditionals="0" coveredstatements="0"/>
            </class>
         </file>
         <file path="/home/dsr/ece651/ece651-team12-risc/shared/src/main/java/edu/duke/ece651/team12/shared/PlayerInfo.java" name="PlayerInfo.java">
            <metrics coveredelements="24" coveredconditionals="2" complexity="7" loc="46" coveredmethods="5" methods="5" elements="24" classes="1" ncloc="39" statements="17" conditionals="2" coveredstatements="17"/>
            <class name="PlayerInfo">
               <metrics coveredelements="24" coveredconditionals="2" complexity="7" coveredmethods="5" methods="5" elements="24" statements="17" conditionals="2" coveredstatements="17"/>
            </class>
            <line complexity="1" visibility="public" signature="PlayerInfo(int,String,Color)" num="10" count="76" type="method"/>
            <line num="11" count="76" type="stmt"/>
            <line num="12" count="76" type="stmt"/>
            <line num="13" count="76" type="stmt"/>
            <line complexity="1" visibility="public" signature="PlayerInfo(int)" num="16" count="1" type="method"/>
            <line num="16" count="1" type="stmt"/>
            <line complexity="3" visibility="public" signature="equals(Object) : boolean" num="18" count="22138" type="method"/>
            <line num="20" count="22138" type="stmt"/>
            <line falsecount="1" truecount="22137" num="20" type="cond"/>
            <line num="21" count="22137" type="stmt"/>
            <line num="22" count="22137" type="stmt"/>
            <line num="26" count="1" type="stmt"/>
            <line complexity="1" visibility="public" signature="hashCode() : int" num="29" count="7241" type="method"/>
            <line num="31" count="7241" type="stmt"/>
            <line complexity="1" visibility="public" signature="toString() : String" num="34" count="7268" type="method"/>
            <line num="36" count="7268" type="stmt"/>
            <line num="38" count="7268" type="stmt"/>
            <line num="39" count="7268" type="stmt"/>
            <line num="40" count="7268" type="stmt"/>
            <line num="41" count="7268" type="stmt"/>
            <line num="42" count="7268" type="stmt"/>
            <line num="43" count="7268" type="stmt"/>
            <line num="44" count="7268" type="stmt"/>
         </file>
         <file path="/home/dsr/ece651/ece651-team12-risc/shared/src/main/java/edu/duke/ece651/team12/shared/RailwaySabotageOwnershipChecker.java" name="RailwaySabotageOwnershipChecker.java">
            <metrics coveredelements="9" coveredconditionals="2" complexity="3" loc="17" coveredmethods="2" methods="2" elements="9" classes="1" ncloc="16" statements="5" conditionals="2" coveredstatements="5"/>
            <class name="RailwaySabotageOwnershipChecker">
               <metrics coveredelements="9" coveredconditionals="2" complexity="3" coveredmethods="2" methods="2" elements="9" statements="5" conditionals="2" coveredstatements="5"/>
            </class>
            <line complexity="1" visibility="public" signature="RailwaySabotageOwnershipChecker()" num="5" count="6" type="method"/>
            <line num="6" count="6" type="stmt"/>
            <line complexity="2" visibility="public" signature="checkRule(Request,Map,PlayerInfo) : boolean" num="8" count="6" type="method"/>
            <line num="10" count="6" type="stmt"/>
            <line num="11" count="6" type="stmt"/>
            <line falsecount="5" truecount="1" num="11" type="cond"/>
            <line num="12" count="1" type="stmt"/>
            <line num="15" count="5" type="stmt"/>
         </file>
         <file path="/home/dsr/ece651/ece651-team12-risc/shared/src/main/java/edu/duke/ece651/team12/shared/Request.java" name="Request.java">
            <metrics coveredelements="13" coveredconditionals="0" complexity="5" loc="23" coveredmethods="5" methods="5" elements="13" classes="1" ncloc="21" statements="8" conditionals="0" coveredstatements="8"/>
            <class name="Request">
               <metrics coveredelements="13" coveredconditionals="0" complexity="5" coveredmethods="5" methods="5" elements="13" statements="8" conditionals="0" coveredstatements="8"/>
            </class>
            <line complexity="1" visibility="public" signature="Request(PlayerInfo,int,int,int)" num="13" count="89" type="method"/>
            <line num="14" count="89" type="stmt"/>
            <line num="15" count="89" type="stmt"/>
            <line num="16" count="89" type="stmt"/>
            <line num="17" count="89" type="stmt"/>
            <line complexity="1" visibility="public" signature="getIssuerId() : PlayerInfo" num="19" count="91" type="method"/>
            <line num="19" count="91" type="stmt"/>
            <line complexity="1" visibility="public" signature="getNumUnit() : int" num="20" count="2" type="method"/>
            <line num="20" count="2" type="stmt"/>
            <line complexity="1" visibility="public" signature="getSourceId() : int" num="21" count="1102" type="method"/>
            <line num="21" count="1102" type="stmt"/>
            <line complexity="1" visibility="public" signature="getDestinationId() : int" num="22" count="964" type="method"/>
            <line num="22" count="964" type="stmt"/>
         </file>
         <file path="/home/dsr/ece651/ece651-team12-risc/shared/src/main/java/edu/duke/ece651/team12/shared/TurnResponse.java" name="TurnResponse.java">
            <metrics coveredelements="19" coveredconditionals="0" complexity="5" loc="101" coveredmethods="5" methods="5" elements="19" classes="1" ncloc="92" statements="14" conditionals="0" coveredstatements="14"/>
            <class name="TurnResponse">
               <metrics coveredelements="19" coveredconditionals="0" complexity="5" coveredmethods="5" methods="5" elements="19" statements="14" conditionals="0" coveredstatements="14"/>
            </class>
            <line complexity="1" visibility="public" signature="TurnResponse(int,PlayerInfo,ArrayList&lt;Integer&gt;,int,int,int)" num="18" count="73" type="method"/>
            <line num="24" count="73" type="stmt"/>
            <line complexity="1" visibility="public" signature="TurnResponse(int,PlayerInfo,int,ArrayList&lt;Integer&gt;,int,int,int,ArrayList&lt;Spy&gt;,int,int,int[])" num="37" count="935" type="method"/>
            <line num="48" count="935" type="stmt"/>
            <line num="49" count="935" type="stmt"/>
            <line num="50" count="935" type="stmt"/>
            <line num="51" count="935" type="stmt"/>
            <line num="52" count="935" type="stmt"/>
            <line num="53" count="935" type="stmt"/>
            <line num="54" count="935" type="stmt"/>
            <line num="55" count="935" type="stmt"/>
            <line num="56" count="935" type="stmt"/>
            <line complexity="1" visibility="public" signature="TurnResponse(int,PlayerInfo,int)" num="58" count="46" type="method"/>
            <line num="59" count="46" type="stmt"/>
            <line complexity="1" visibility="public" signature="TurnResponse(int,PlayerInfo,ArrayList&lt;Integer&gt;,int,int,int,ArrayList&lt;Spy&gt;,int,int,int[])" num="72" count="889" type="method"/>
            <line num="82" count="889" type="stmt"/>
            <line complexity="1" visibility="public" signature="toString() : String" num="95" count="24" type="method"/>
            <line num="97" count="24" type="stmt"/>
            <line num="99" count="24" type="stmt"/>
         </file>
         <file path="/home/dsr/ece651/ece651-team12-risc/shared/src/main/java/edu/duke/ece651/team12/shared/RailwayConstructCostChecker.java" name="RailwayConstructCostChecker.java">
            <metrics coveredelements="12" coveredconditionals="2" complexity="3" loc="22" coveredmethods="2" methods="2" elements="12" classes="1" ncloc="20" statements="8" conditionals="2" coveredstatements="8"/>
            <class name="RailwayConstructCostChecker">
               <metrics coveredelements="12" coveredconditionals="2" complexity="3" coveredmethods="2" methods="2" elements="12" statements="8" conditionals="2" coveredstatements="8"/>
            </class>
            <line complexity="1" visibility="public" signature="RailwayConstructCostChecker()" num="5" count="6" type="method"/>
            <line num="5" count="6" type="stmt"/>
            <line complexity="2" visibility="public" signature="checkRule(Request,Map,PlayerInfo) : boolean" num="7" count="2" type="method"/>
            <line num="9" count="2" type="stmt"/>
            <line num="10" count="2" type="stmt"/>
            <line num="11" count="2" type="stmt"/>
            <line num="12" count="2" type="stmt"/>
            <line num="13" count="2" type="stmt"/>
            <line falsecount="1" truecount="1" num="13" type="cond"/>
            <line num="14" count="1" type="stmt"/>
            <line num="19" count="1" type="stmt"/>
         </file>
         <file path="/home/dsr/ece651/ece651-team12-risc/shared/src/main/java/edu/duke/ece651/team12/shared/ResearchResourceChecker.java" name="ResearchResourceChecker.java">
            <metrics coveredelements="21" coveredconditionals="2" complexity="4" loc="32" coveredmethods="3" methods="3" elements="21" classes="1" ncloc="29" statements="16" conditionals="2" coveredstatements="16"/>
            <class name="ResearchResourceChecker">
               <metrics coveredelements="21" coveredconditionals="2" complexity="4" coveredmethods="3" methods="3" elements="21" statements="16" conditionals="2" coveredstatements="16"/>
            </class>
            <line complexity="1" visibility="public" signature="ResearchResourceChecker()" num="6" count="7" type="method"/>
            <line num="6" count="7" type="stmt"/>
            <line complexity="2" visibility="public" signature="checkRule(Request,Map,PlayerInfo) : boolean" num="7" count="2" type="method"/>
            <line num="9" count="2" type="stmt"/>
            <line num="10" count="2" type="stmt"/>
            <line num="11" count="2" type="stmt"/>
            <line falsecount="1" truecount="1" num="11" type="cond"/>
            <line num="12" count="1" type="stmt"/>
            <line num="16" count="1" type="stmt"/>
            <line num="17" count="1" type="stmt"/>
            <line num="18" count="1" type="stmt"/>
            <line complexity="1" visibility="private" signature="lvl_requirement() : int[]" num="22" count="3" type="method"/>
            <line num="23" count="3" type="stmt"/>
            <line num="24" count="3" type="stmt"/>
            <line num="25" count="3" type="stmt"/>
            <line num="26" count="3" type="stmt"/>
            <line num="27" count="3" type="stmt"/>
            <line num="28" count="3" type="stmt"/>
            <line num="29" count="3" type="stmt"/>
            <line num="30" count="3" type="stmt"/>
         </file>
         <file path="/home/dsr/ece651/ece651-team12-risc/shared/src/main/java/edu/duke/ece651/team12/shared/UpgradeTechChecker.java" name="UpgradeTechChecker.java">
            <metrics coveredelements="17" coveredconditionals="6" complexity="5" loc="26" coveredmethods="2" methods="2" elements="17" classes="1" ncloc="22" statements="9" conditionals="6" coveredstatements="9"/>
            <class name="UpgradeTechChecker">
               <metrics coveredelements="17" coveredconditionals="6" complexity="5" coveredmethods="2" methods="2" elements="17" statements="9" conditionals="6" coveredstatements="9"/>
            </class>
            <line complexity="1" visibility="public" signature="UpgradeTechChecker()" num="7" count="6" type="method"/>
            <line num="7" count="6" type="stmt"/>
            <line complexity="4" visibility="public" signature="checkRule(Request,Map,PlayerInfo) : boolean" num="9" count="3" type="method"/>
            <line num="11" count="3" type="stmt"/>
            <line num="12" count="3" type="stmt"/>
            <line falsecount="3" truecount="18" num="12" type="cond"/>
            <line num="13" count="18" type="stmt"/>
            <line falsecount="15" truecount="3" num="13" type="cond"/>
            <line num="14" count="3" type="stmt"/>
            <line num="17" count="3" type="stmt"/>
            <line num="18" count="3" type="stmt"/>
            <line falsecount="2" truecount="1" num="18" type="cond"/>
            <line num="19" count="1" type="stmt"/>
            <line num="23" count="2" type="stmt"/>
         </file>
         <file path="/home/dsr/ece651/ece651-team12-risc/shared/src/main/java/edu/duke/ece651/team12/shared/ResponseHandler.java" name="ResponseHandler.java">
            <metrics coveredelements="12" coveredconditionals="0" complexity="4" loc="34" coveredmethods="4" methods="4" elements="12" classes="1" ncloc="24" statements="8" conditionals="0" coveredstatements="8"/>
            <class name="ResponseHandler">
               <metrics coveredelements="12" coveredconditionals="0" complexity="4" coveredmethods="4" methods="4" elements="12" statements="8" conditionals="0" coveredstatements="8"/>
            </class>
            <line complexity="1" visibility="public" signature="ResponseHandler()" num="4" count="26" type="method"/>
            <line complexity="1" visibility="public" signature="handleInitResponse(InitResponse) : Territory" num="5" count="397" type="method"/>
            <line num="6" count="397" type="stmt"/>
            <line complexity="1" visibility="public" signature="verifyStorage(Map,TurnResponse,PlayerInfo) : void" num="23" count="1105" type="method"/>
            <line num="24" count="1105" type="stmt"/>
            <line num="25" count="1105" type="stmt"/>
            <line num="26" count="1105" type="stmt"/>
            <line num="27" count="1105" type="stmt"/>
            <line complexity="1" visibility="public" signature="handleTurnResponse(Territory,TurnResponse) : void" num="29" count="1106" type="method"/>
            <line num="30" count="1106" type="stmt"/>
            <line num="31" count="1106" type="stmt"/>
            <line num="32" count="1106" type="stmt"/>
         </file>
         <file path="/home/dsr/ece651/ece651-team12-risc/shared/src/main/java/edu/duke/ece651/team12/shared/V2MapFactory.java" name="V2MapFactory.java">
            <metrics coveredelements="225" coveredconditionals="8" complexity="34" loc="257" coveredmethods="6" methods="6" elements="225" classes="1" ncloc="248" statements="211" conditionals="8" coveredstatements="211"/>
            <class name="V2MapFactory">
               <metrics coveredelements="225" coveredconditionals="8" complexity="34" coveredmethods="6" methods="6" elements="225" statements="211" conditionals="8" coveredstatements="211"/>
            </class>
            <line complexity="1" visibility="public" signature="V2MapFactory(ArrayList&lt;PlayerInfo&gt;)" num="11" count="14" type="method"/>
            <line num="12" count="14" type="stmt"/>
            <line num="13" count="14" type="stmt"/>
            <line num="14" count="14" type="stmt"/>
            <line complexity="2" visibility="public" signature="createInitResponses() : ArrayList&lt;InitResponse&gt;" num="16" count="14" type="method"/>
            <line num="17" count="14" type="stmt"/>
            <line num="19" count="14" type="stmt"/>
            <line falsecount="14" truecount="168" num="19" type="cond"/>
            <line num="20" count="168" type="stmt"/>
            <line num="21" count="168" type="stmt"/>
            <line num="22" count="168" type="stmt"/>
            <line num="23" count="168" type="stmt"/>
            <line num="24" count="168" type="stmt"/>
            <line num="25" count="168" type="stmt"/>
            <line num="32" count="168" type="stmt"/>
            <line num="40" count="14" type="stmt"/>
            <line complexity="1" visibility="private" signature="genNames() : ArrayList&lt;String&gt;" num="43" count="336" type="method"/>
            <line num="44" count="336" type="stmt"/>
            <line num="45" count="336" type="stmt"/>
            <line num="46" count="336" type="stmt"/>
            <line num="47" count="336" type="stmt"/>
            <line num="48" count="336" type="stmt"/>
            <line num="49" count="336" type="stmt"/>
            <line num="50" count="336" type="stmt"/>
            <line num="51" count="336" type="stmt"/>
            <line num="52" count="336" type="stmt"/>
            <line num="53" count="336" type="stmt"/>
            <line num="54" count="336" type="stmt"/>
            <line num="55" count="336" type="stmt"/>
            <line num="56" count="336" type="stmt"/>
            <line num="57" count="336" type="stmt"/>
            <line num="58" count="336" type="stmt"/>
            <line num="59" count="336" type="stmt"/>
            <line num="60" count="336" type="stmt"/>
            <line num="61" count="336" type="stmt"/>
            <line num="62" count="336" type="stmt"/>
            <line num="63" count="336" type="stmt"/>
            <line num="64" count="336" type="stmt"/>
            <line num="65" count="336" type="stmt"/>
            <line num="66" count="336" type="stmt"/>
            <line num="67" count="336" type="stmt"/>
            <line num="68" count="336" type="stmt"/>
            <line num="69" count="336" type="stmt"/>
            <line complexity="26" visibility="public" signature="genAdj(int) : ArrayList&lt;Integer&gt;" num="72" count="456" type="method"/>
            <line num="73" count="456" type="stmt"/>
            <line num="74" count="456" type="stmt"/>
            <line num="75" count="456" type="stmt"/>
            <line num="76" count="18" type="stmt"/>
            <line num="77" count="18" type="stmt"/>
            <line num="78" count="18" type="stmt"/>
            <line num="79" count="18" type="stmt"/>
            <line num="80" count="19" type="stmt"/>
            <line num="81" count="19" type="stmt"/>
            <line num="82" count="19" type="stmt"/>
            <line num="83" count="19" type="stmt"/>
            <line num="84" count="19" type="stmt"/>
            <line num="85" count="20" type="stmt"/>
            <line num="86" count="20" type="stmt"/>
            <line num="87" count="20" type="stmt"/>
            <line num="88" count="20" type="stmt"/>
            <line num="89" count="20" type="stmt"/>
            <line num="90" count="20" type="stmt"/>
            <line num="91" count="20" type="stmt"/>
            <line num="92" count="20" type="stmt"/>
            <line num="93" count="20" type="stmt"/>
            <line num="94" count="20" type="stmt"/>
            <line num="95" count="20" type="stmt"/>
            <line num="96" count="20" type="stmt"/>
            <line num="97" count="19" type="stmt"/>
            <line num="98" count="19" type="stmt"/>
            <line num="99" count="19" type="stmt"/>
            <line num="100" count="19" type="stmt"/>
            <line num="101" count="19" type="stmt"/>
            <line num="102" count="18" type="stmt"/>
            <line num="103" count="18" type="stmt"/>
            <line num="104" count="18" type="stmt"/>
            <line num="105" count="18" type="stmt"/>
            <line num="106" count="18" type="stmt"/>
            <line num="107" count="18" type="stmt"/>
            <line num="108" count="18" type="stmt"/>
            <line num="109" count="18" type="stmt"/>
            <line num="110" count="18" type="stmt"/>
            <line num="111" count="18" type="stmt"/>
            <line num="112" count="18" type="stmt"/>
            <line num="113" count="18" type="stmt"/>
            <line num="114" count="19" type="stmt"/>
            <line num="115" count="19" type="stmt"/>
            <line num="116" count="19" type="stmt"/>
            <line num="117" count="19" type="stmt"/>
            <line num="118" count="19" type="stmt"/>
            <line num="119" count="20" type="stmt"/>
            <line num="120" count="20" type="stmt"/>
            <line num="121" count="20" type="stmt"/>
            <line num="122" count="20" type="stmt"/>
            <line num="123" count="20" type="stmt"/>
            <line num="124" count="20" type="stmt"/>
            <line num="125" count="20" type="stmt"/>
            <line num="126" count="20" type="stmt"/>
            <line num="127" count="20" type="stmt"/>
            <line num="128" count="20" type="stmt"/>
            <line num="129" count="20" type="stmt"/>
            <line num="130" count="20" type="stmt"/>
            <line num="131" count="19" type="stmt"/>
            <line num="132" count="19" type="stmt"/>
            <line num="133" count="19" type="stmt"/>
            <line num="134" count="19" type="stmt"/>
            <line num="135" count="19" type="stmt"/>
            <line num="136" count="19" type="stmt"/>
            <line num="137" count="19" type="stmt"/>
            <line num="138" count="19" type="stmt"/>
            <line num="139" count="19" type="stmt"/>
            <line num="140" count="19" type="stmt"/>
            <line num="141" count="18" type="stmt"/>
            <line num="142" count="18" type="stmt"/>
            <line num="143" count="18" type="stmt"/>
            <line num="144" count="18" type="stmt"/>
            <line num="145" count="19" type="stmt"/>
            <line num="146" count="19" type="stmt"/>
            <line num="147" count="19" type="stmt"/>
            <line num="148" count="19" type="stmt"/>
            <line num="149" count="19" type="stmt"/>
            <line num="150" count="19" type="stmt"/>
            <line num="151" count="19" type="stmt"/>
            <line num="152" count="19" type="stmt"/>
            <line num="153" count="19" type="stmt"/>
            <line num="154" count="19" type="stmt"/>
            <line num="155" count="19" type="stmt"/>
            <line num="156" count="19" type="stmt"/>
            <line num="157" count="19" type="stmt"/>
            <line num="158" count="19" type="stmt"/>
            <line num="159" count="19" type="stmt"/>
            <line num="160" count="19" type="stmt"/>
            <line num="161" count="19" type="stmt"/>
            <line num="162" count="19" type="stmt"/>
            <line num="163" count="19" type="stmt"/>
            <line num="164" count="19" type="stmt"/>
            <line num="165" count="20" type="stmt"/>
            <line num="166" count="20" type="stmt"/>
            <line num="167" count="20" type="stmt"/>
            <line num="168" count="20" type="stmt"/>
            <line num="169" count="20" type="stmt"/>
            <line num="170" count="20" type="stmt"/>
            <line num="171" count="20" type="stmt"/>
            <line num="172" count="20" type="stmt"/>
            <line num="173" count="20" type="stmt"/>
            <line num="174" count="20" type="stmt"/>
            <line num="175" count="20" type="stmt"/>
            <line num="176" count="20" type="stmt"/>
            <line num="177" count="19" type="stmt"/>
            <line num="178" count="19" type="stmt"/>
            <line num="179" count="19" type="stmt"/>
            <line num="180" count="19" type="stmt"/>
            <line num="181" count="19" type="stmt"/>
            <line num="182" count="19" type="stmt"/>
            <line num="183" count="19" type="stmt"/>
            <line num="184" count="19" type="stmt"/>
            <line num="185" count="19" type="stmt"/>
            <line num="186" count="19" type="stmt"/>
            <line num="187" count="18" type="stmt"/>
            <line num="188" count="18" type="stmt"/>
            <line num="189" count="18" type="stmt"/>
            <line num="190" count="18" type="stmt"/>
            <line num="192" count="19" type="stmt"/>
            <line num="193" count="19" type="stmt"/>
            <line num="194" count="19" type="stmt"/>
            <line num="195" count="19" type="stmt"/>
            <line num="196" count="19" type="stmt"/>
            <line num="198" count="456" type="stmt"/>
            <line num="199" count="456" type="stmt"/>
            <line falsecount="456" truecount="1380" num="199" type="cond"/>
            <line num="200" count="1380" type="stmt"/>
            <line num="201" count="1380" type="stmt"/>
            <line num="203" count="456" type="stmt"/>
            <line complexity="1" visibility="private" signature="fill(int[][],int,int,int) : void" num="206" count="15900" type="method"/>
            <line num="207" count="15900" type="stmt"/>
            <line num="208" count="15900" type="stmt"/>
            <line complexity="3" visibility="public" signature="genDistance() : int[][]" num="210" count="25" type="method"/>
            <line num="211" count="25" type="stmt"/>
            <line num="212" count="25" type="stmt"/>
            <line falsecount="25" truecount="600" num="212" type="cond"/>
            <line num="213" count="600" type="stmt"/>
            <line falsecount="600" truecount="14400" num="213" type="cond"/>
            <line num="214" count="14400" type="stmt"/>
            <line num="216" count="600" type="stmt"/>
            <line num="219" count="25" type="stmt"/>
            <line num="220" count="25" type="stmt"/>
            <line num="221" count="25" type="stmt"/>
            <line num="222" count="25" type="stmt"/>
            <line num="223" count="25" type="stmt"/>
            <line num="224" count="25" type="stmt"/>
            <line num="225" count="25" type="stmt"/>
            <line num="226" count="25" type="stmt"/>
            <line num="227" count="25" type="stmt"/>
            <line num="228" count="25" type="stmt"/>
            <line num="229" count="25" type="stmt"/>
            <line num="230" count="25" type="stmt"/>
            <line num="231" count="25" type="stmt"/>
            <line num="232" count="25" type="stmt"/>
            <line num="233" count="25" type="stmt"/>
            <line num="234" count="25" type="stmt"/>
            <line num="235" count="25" type="stmt"/>
            <line num="236" count="25" type="stmt"/>
            <line num="237" count="25" type="stmt"/>
            <line num="238" count="25" type="stmt"/>
            <line num="239" count="25" type="stmt"/>
            <line num="240" count="25" type="stmt"/>
            <line num="241" count="25" type="stmt"/>
            <line num="242" count="25" type="stmt"/>
            <line num="243" count="25" type="stmt"/>
            <line num="244" count="25" type="stmt"/>
            <line num="245" count="25" type="stmt"/>
            <line num="246" count="25" type="stmt"/>
            <line num="247" count="25" type="stmt"/>
            <line num="248" count="25" type="stmt"/>
            <line num="249" count="25" type="stmt"/>
            <line num="250" count="25" type="stmt"/>
            <line num="251" count="25" type="stmt"/>
            <line num="252" count="25" type="stmt"/>
            <line num="253" count="25" type="stmt"/>
            <line num="254" count="25" type="stmt"/>
            <line num="255" count="25" type="stmt"/>
         </file>
         <file path="/home/dsr/ece651/ece651-team12-risc/shared/src/main/java/edu/duke/ece651/team12/shared/CloakResourceChecker.java" name="CloakResourceChecker.java">
            <metrics coveredelements="17" coveredconditionals="4" complexity="4" loc="25" coveredmethods="2" methods="2" elements="17" classes="1" ncloc="24" statements="11" conditionals="4" coveredstatements="11"/>
            <class name="CloakResourceChecker">
               <metrics coveredelements="17" coveredconditionals="4" complexity="4" coveredmethods="2" methods="2" elements="17" statements="11" conditionals="4" coveredstatements="11"/>
            </class>
            <line complexity="1" visibility="public" signature="CloakResourceChecker()" num="5" count="6" type="method"/>
            <line num="5" count="6" type="stmt"/>
            <line complexity="3" visibility="public" signature="checkRule(Request,Map,PlayerInfo) : boolean" num="6" count="2" type="method"/>
            <line num="8" count="2" type="stmt"/>
            <line num="9" count="2" type="stmt"/>
            <line num="10" count="2" type="stmt"/>
            <line num="11" count="2" type="stmt"/>
            <line num="12" count="48" type="stmt"/>
            <line falsecount="40" truecount="8" num="12" type="cond"/>
            <line num="13" count="8" type="stmt"/>
            <line num="16" count="2" type="stmt"/>
            <line num="17" count="2" type="stmt"/>
            <line falsecount="1" truecount="1" num="17" type="cond"/>
            <line num="18" count="1" type="stmt"/>
            <line num="21" count="1" type="stmt"/>
         </file>
         <file path="/home/dsr/ece651/ece651-team12-risc/shared/src/main/java/edu/duke/ece651/team12/shared/AttackRequest.java" name="AttackRequest.java">
            <metrics coveredelements="7" coveredconditionals="0" complexity="3" loc="29" coveredmethods="3" methods="3" elements="7" classes="1" ncloc="25" statements="4" conditionals="0" coveredstatements="4"/>
            <class name="AttackRequest">
               <metrics coveredelements="7" coveredconditionals="0" complexity="3" coveredmethods="3" methods="3" elements="7" statements="4" conditionals="0" coveredstatements="4"/>
            </class>
            <line complexity="1" visibility="public" signature="AttackRequest(PlayerInfo,int,int,int,ArrayList&lt;Integer&gt;)" num="7" count="26" type="method"/>
            <line num="12" count="26" type="stmt"/>
            <line num="13" count="26" type="stmt"/>
            <line complexity="1" visibility="public" signature="AttackRequest(PlayerInfo,int,int,int)" num="16" count="12" type="method"/>
            <line num="20" count="12" type="stmt"/>
            <line complexity="1" visibility="public" signature="AttackRequest(PlayerInfo,int,int,ArrayList&lt;Integer&gt;)" num="23" count="14" type="method"/>
            <line num="27" count="14" type="stmt"/>
         </file>
         <file path="/home/dsr/ece651/ece651-team12-risc/shared/src/main/java/edu/duke/ece651/team12/shared/Player.java" name="Player.java">
            <metrics coveredelements="197" coveredconditionals="43" complexity="77" loc="578" coveredmethods="11" methods="18" elements="427" classes="1" ncloc="517" statements="323" conditionals="86" coveredstatements="143"/>
            <class name="Player">
               <metrics coveredelements="197" coveredconditionals="43" complexity="77" coveredmethods="11" methods="18" elements="427" statements="323" conditionals="86" coveredstatements="143"/>
            </class>
            <line complexity="1" visibility="public" signature="Player(PlayerInfo,ArrayList&lt;PlayerInfo&gt;,Map,TextMapDisplayer,BufferedReader,PrintStream,int)" num="28" count="4" type="method"/>
            <line num="35" count="4" type="stmt"/>
            <line num="36" count="4" type="stmt"/>
            <line num="37" count="4" type="stmt"/>
            <line num="38" count="4" type="stmt"/>
            <line num="39" count="4" type="stmt"/>
            <line num="40" count="4" type="stmt"/>
            <line num="41" count="4" type="stmt"/>
            <line num="42" count="4" type="stmt"/>
            <line num="43" count="4" type="stmt"/>
            <line num="44" count="4" type="stmt"/>
            <line num="45" count="4" type="stmt"/>
            <line num="46" count="4" type="stmt"/>
            <line num="47" count="4" type="stmt"/>
            <line num="48" count="4" type="stmt"/>
            <line complexity="1" visibility="public" signature="Player(PlayerInfo,ArrayList&lt;PlayerInfo&gt;,Map,TextMapDisplayer,BufferedReader,PrintStream)" num="51" count="4" type="method"/>
            <line num="57" count="4" type="stmt"/>
            <line complexity="2" visibility="private" signature="readFromInput() : int" num="60" count="55" type="method"/>
            <line num="61" count="55" type="stmt"/>
            <line num="62" count="55" type="stmt"/>
            <line num="63" count="55" type="stmt"/>
            <line num="64" count="55" type="stmt"/>
            <line num="65" count="44" type="stmt"/>
            <line num="68" count="11" type="stmt"/>
            <line complexity="1" visibility="public" signature="initializeMap(ArrayList&lt;InitResponse&gt;) : void" num="72" count="3" type="method"/>
            <line num="73" count="3" type="stmt"/>
            <line num="74" count="18" type="stmt"/>
            <line complexity="7" visibility="public" signature="initUnit(int) : ArrayList&lt;TurnResponse&gt;" num="78" count="2" type="method"/>
            <line num="79" count="2" type="stmt"/>
            <line num="80" count="2" type="stmt"/>
            <line num="81" count="2" type="stmt"/>
            <line num="82" count="8" type="stmt"/>
            <line falsecount="3" truecount="5" num="82" type="cond"/>
            <line num="83" count="5" type="stmt"/>
            <line num="84" count="5" type="stmt"/>
            <line falsecount="4" truecount="1" num="84" type="cond"/>
            <line num="85" count="1" type="stmt"/>
            <line num="87" count="1" type="stmt"/>
            <line num="89" count="4" type="stmt"/>
            <line num="91" count="4" type="stmt"/>
            <line falsecount="4" truecount="8" num="91" type="cond"/>
            <line num="92" count="8" type="stmt"/>
            <line num="93" count="8" type="stmt"/>
            <line num="94" count="6" type="stmt"/>
            <line falsecount="4" truecount="2" num="94" type="cond"/>
            <line num="95" count="2" type="stmt"/>
            <line num="99" count="4" type="stmt"/>
            <line num="100" count="4" type="stmt"/>
            <line num="101" count="4" type="stmt"/>
            <line num="105" count="2" type="stmt"/>
            <line num="106" count="2" type="stmt"/>
            <line num="111" count="3" type="stmt"/>
            <line num="114" count="2" type="stmt"/>
            <line falsecount="1" truecount="1" num="114" type="cond"/>
            <line num="115" count="1" type="stmt"/>
            <line num="117" count="1" type="stmt"/>
            <line num="118" count="1" type="stmt"/>
            <line num="119" count="1" type="stmt"/>
            <line num="122" count="2" type="stmt"/>
            <line num="123" count="2" type="stmt"/>
            <line complexity="2" visibility="public" signature="checkLose(PlayerInfo) : boolean" num="126" count="7" type="method"/>
            <line num="127" count="7" type="stmt"/>
            <line num="128" count="14" type="stmt"/>
            <line falsecount="9" truecount="5" num="128" type="cond"/>
            <line num="129" count="5" type="stmt"/>
            <line num="132" count="2" type="stmt"/>
            <line complexity="2" visibility="public" signature="checkEnd() : PlayerInfo" num="134" count="6" type="method"/>
            <line num="135" count="6" type="stmt"/>
            <line num="136" count="6" type="stmt"/>
            <line num="137" count="26" type="stmt"/>
            <line falsecount="24" truecount="2" num="137" type="cond"/>
            <line num="138" count="2" type="stmt"/>
            <line num="141" count="4" type="stmt"/>
            <line complexity="2" visibility="public" signature="genTrainSpy(int) : Request" num="144" count="2" type="method"/>
            <line num="145" count="2" type="stmt"/>
            <line num="148" count="2" type="stmt"/>
            <line num="149" count="2" type="stmt"/>
            <line num="151" count="0" type="stmt"/>
            <line num="152" count="0" type="stmt"/>
            <line num="153" count="0" type="stmt"/>
            <line num="154" count="0" type="stmt"/>
            <line num="155" count="0" type="stmt"/>
            <line num="156" count="0" type="stmt"/>
            <line num="157" count="0" type="stmt"/>
            <line num="160" count="1" type="stmt"/>
            <line num="161" count="1" type="stmt"/>
            <line complexity="4" visibility="public" signature="genMoveSpy(int,int) : Request" num="165" count="0" type="method"/>
            <line num="166" count="0" type="stmt"/>
            <line num="170" count="0" type="stmt"/>
            <line num="171" count="0" type="stmt"/>
            <line num="172" count="0" type="stmt"/>
            <line num="173" count="0" type="stmt"/>
            <line num="174" count="0" type="stmt"/>
            <line falsecount="0" truecount="0" num="174" type="cond"/>
            <line num="175" count="0" type="stmt"/>
            <line num="176" count="0" type="stmt"/>
            <line num="177" count="0" type="stmt"/>
            <line num="180" count="0" type="stmt"/>
            <line num="182" count="0" type="stmt"/>
            <line num="183" count="0" type="stmt"/>
            <line num="184" count="0" type="stmt"/>
            <line num="186" count="0" type="stmt"/>
            <line num="189" count="0" type="stmt"/>
            <line num="190" count="0" type="stmt"/>
            <line complexity="3" visibility="public" signature="genCloak(int) : Request" num="194" count="0" type="method"/>
            <line num="195" count="0" type="stmt"/>
            <line num="198" count="0" type="stmt"/>
            <line num="199" count="0" type="stmt"/>
[...]
            <class name="InitResponseTest">
               <metrics coveredelements="6" complexity="1" methods="1" testruns="1" statements="5" coveredconditionals="0" coveredmethods="1" elements="6" testfailures="0" testduration="0.0" conditionals="0" coveredstatements="5" testpasses="1"/>
            </class>
            <line complexity="1" visibility="public" signature="test() : void" num="11" testsuccess="true" count="1" testduration="0.0" type="method"/>
            <line num="13" count="1" type="stmt"/>
            <line num="15" count="1" type="stmt"/>
            <line num="22" count="1" type="stmt"/>
            <line num="23" count="1" type="stmt"/>
            <line num="24" count="1" type="stmt"/>
         </file>
         <file path="/home/dsr/ece651/ece651-team12-risc/shared/src/test/java/edu/duke/ece651/team12/shared/ResponseTest.java" name="ResponseTest.java">
            <metrics coveredelements="1" coveredconditionals="0" complexity="1" loc="10" coveredmethods="1" methods="1" elements="1" classes="1" ncloc="7" statements="0" conditionals="0" coveredstatements="0"/>
            <class name="ResponseTest">
               <metrics coveredelements="1" complexity="1" methods="1" testruns="1" statements="0" coveredconditionals="0" coveredmethods="1" elements="1" testfailures="0" testduration="0.0" conditionals="0" coveredstatements="0" testpasses="1"/>
            </class>
            <line complexity="1" visibility="public" signature="test_() : void" num="8" testsuccess="true" count="1" testduration="0.0" type="method"/>
         </file>
         <file path="/home/dsr/ece651/ece651-team12-risc/shared/src/test/java/edu/duke/ece651/team12/shared/CloakRequestResolverTest.java" name="CloakRequestResolverTest.java">
            <metrics coveredelements="23" coveredconditionals="0" complexity="1" loc="46" coveredmethods="1" methods="1" elements="23" classes="1" ncloc="41" statements="22" conditionals="0" coveredstatements="22"/>
            <class name="CloakRequestResolverTest">
               <metrics coveredelements="23" complexity="1" methods="1" testruns="1" statements="22" coveredconditionals="0" coveredmethods="1" elements="23" testfailures="0" testduration="0.002" conditionals="0" coveredstatements="22" testpasses="1"/>
            </class>
            <line complexity="1" visibility="public" signature="test() : void" num="7" testsuccess="true" count="1" testduration="0.002" type="method"/>
            <line num="9" count="1" type="stmt"/>
            <line num="10" count="1" type="stmt"/>
            <line num="11" count="1" type="stmt"/>
            <line num="12" count="1" type="stmt"/>
            <line num="13" count="1" type="stmt"/>
            <line num="14" count="1" type="stmt"/>
            <line num="15" count="1" type="stmt"/>
            <line num="16" count="1" type="stmt"/>
            <line num="17" count="1" type="stmt"/>
            <line num="18" count="1" type="stmt"/>
            <line num="19" count="1" type="stmt"/>
            <line num="20" count="24" type="stmt"/>
            <line num="22" count="1" type="stmt"/>
            <line num="23" count="1" type="stmt"/>
            <line num="25" count="1" type="stmt"/>
            <line num="26" count="24" type="stmt"/>
            <line num="38" count="1" type="stmt"/>
            <line num="40" count="1" type="stmt"/>
            <line num="41" count="1" type="stmt"/>
            <line num="42" count="1" type="stmt"/>
            <line num="43" count="1" type="stmt"/>
            <line num="44" count="1" type="stmt"/>
         </file>
         <file path="/home/dsr/ece651/ece651-team12-risc/shared/src/test/java/edu/duke/ece651/team12/shared/AttackCostCheckerTest.java" name="AttackCostCheckerTest.java">
            <metrics coveredelements="1" coveredconditionals="0" complexity="1" loc="10" coveredmethods="1" methods="1" elements="1" classes="1" ncloc="7" statements="0" conditionals="0" coveredstatements="0"/>
            <class name="AttackCostCheckerTest">
               <metrics coveredelements="1" complexity="1" methods="1" testruns="1" statements="0" coveredconditionals="0" coveredmethods="1" elements="1" testfailures="0" testduration="0.002" conditionals="0" coveredstatements="0" testpasses="1"/>
            </class>
            <line complexity="1" visibility="public" signature="test_() : void" num="8" testsuccess="true" count="1" testduration="0.002" type="method"/>
         </file>
         <file path="/home/dsr/ece651/ece651-team12-risc/shared/src/test/java/edu/duke/ece651/team12/shared/AttackRequestResolverTest.java" name="AttackRequestResolverTest.java">
            <metrics coveredelements="106" coveredconditionals="2" complexity="4" loc="151" coveredmethods="3" methods="3" elements="106" classes="1" ncloc="127" statements="101" conditionals="2" coveredstatements="101"/>
            <class name="AttackRequestResolverTest">
               <metrics coveredelements="106" complexity="4" methods="3" testruns="3" statements="101" coveredconditionals="2" coveredmethods="3" elements="106" testfailures="0" testduration="0.024" conditionals="2" coveredstatements="101" testpasses="3"/>
            </class>
            <line complexity="2" visibility="public" signature="test() : void" num="9" testsuccess="true" count="1" testduration="0.002" type="method"/>
            <line num="11" count="1" type="stmt"/>
            <line num="13" count="1" type="stmt"/>
            <line num="18" count="1" type="stmt"/>
            <line num="20" count="1" type="stmt"/>
            <line num="21" count="1" type="stmt"/>
            <line num="22" count="1" type="stmt"/>
            <line num="23" count="1" type="stmt"/>
            <line num="24" count="1" type="stmt"/>
            <line num="25" count="1" type="stmt"/>
            <line num="26" count="1" type="stmt"/>
            <line num="27" count="1" type="stmt"/>
            <line num="28" count="1" type="stmt"/>
            <line num="30" count="1" type="stmt"/>
            <line num="31" count="1" type="stmt"/>
            <line num="32" count="1" type="stmt"/>
            <line num="33" count="1" type="stmt"/>
            <line num="34" count="1" type="stmt"/>
            <line num="35" count="1" type="stmt"/>
            <line num="37" count="1" type="stmt"/>
            <line num="38" count="1" type="stmt"/>
            <line num="39" count="1" type="stmt"/>
            <line num="40" count="1" type="stmt"/>
            <line num="42" count="1" type="stmt"/>
            <line num="43" count="1" type="stmt"/>
            <line num="44" count="1" type="stmt"/>
            <line falsecount="1" truecount="6" num="44" type="cond"/>
            <line num="45" count="6" type="stmt"/>
            <line num="47" count="1" type="stmt"/>
            <line num="49" count="1" type="stmt"/>
            <line num="50" count="1" type="stmt"/>
            <line num="51" count="1" type="stmt"/>
            <line complexity="1" visibility="public" signature="testZero() : void" num="53" testsuccess="true" count="1" testduration="0.0" type="method"/>
            <line num="55" count="1" type="stmt"/>
            <line num="57" count="1" type="stmt"/>
            <line num="62" count="1" type="stmt"/>
            <line num="64" count="1" type="stmt"/>
            <line num="65" count="1" type="stmt"/>
            <line num="66" count="1" type="stmt"/>
            <line num="67" count="1" type="stmt"/>
            <line num="68" count="1" type="stmt"/>
            <line num="69" count="1" type="stmt"/>
            <line num="70" count="1" type="stmt"/>
            <line num="71" count="1" type="stmt"/>
            <line num="72" count="1" type="stmt"/>
            <line num="74" count="1" type="stmt"/>
            <line num="75" count="1" type="stmt"/>
            <line num="76" count="1" type="stmt"/>
            <line num="77" count="1" type="stmt"/>
            <line num="78" count="1" type="stmt"/>
            <line num="79" count="1" type="stmt"/>
            <line complexity="1" visibility="public" signature="testEqual() : void" num="81" testsuccess="true" count="1" testduration="0.022" type="method"/>
            <line num="83" count="1" type="stmt"/>
            <line num="85" count="1" type="stmt"/>
            <line num="86" count="1" type="stmt"/>
            <line num="87" count="1" type="stmt"/>
            <line num="88" count="1" type="stmt"/>
            <line num="89" count="1" type="stmt"/>
            <line num="90" count="1" type="stmt"/>
            <line num="91" count="1" type="stmt"/>
            <line num="92" count="1" type="stmt"/>
            <line num="93" count="1" type="stmt"/>
            <line num="95" count="1" type="stmt"/>
            <line num="96" count="24" type="stmt"/>
            <line num="99" count="1" type="stmt"/>
            <line num="101" count="1" type="stmt"/>
            <line num="102" count="1" type="stmt"/>
            <line num="103" count="1" type="stmt"/>
            <line num="104" count="1" type="stmt"/>
            <line num="105" count="1" type="stmt"/>
            <line num="106" count="1" type="stmt"/>
            <line num="107" count="1" type="stmt"/>
            <line num="108" count="1" type="stmt"/>
            <line num="109" count="1" type="stmt"/>
            <line num="111" count="1" type="stmt"/>
            <line num="112" count="1" type="stmt"/>
            <line num="113" count="1" type="stmt"/>
            <line num="114" count="1" type="stmt"/>
            <line num="115" count="1" type="stmt"/>
            <line num="116" count="1" type="stmt"/>
            <line num="117" count="1" type="stmt"/>
            <line num="118" count="1" type="stmt"/>
            <line num="120" count="1" type="stmt"/>
            <line num="121" count="1" type="stmt"/>
            <line num="122" count="1" type="stmt"/>
            <line num="123" count="1" type="stmt"/>
            <line num="124" count="1" type="stmt"/>
            <line num="125" count="1" type="stmt"/>
            <line num="126" count="1" type="stmt"/>
            <line num="127" count="1" type="stmt"/>
            <line num="129" count="1" type="stmt"/>
            <line num="130" count="1" type="stmt"/>
            <line num="131" count="1" type="stmt"/>
            <line num="132" count="1" type="stmt"/>
            <line num="133" count="1" type="stmt"/>
            <line num="134" count="1" type="stmt"/>
            <line num="135" count="1" type="stmt"/>
            <line num="136" count="1" type="stmt"/>
            <line num="138" count="1" type="stmt"/>
            <line num="139" count="1" type="stmt"/>
            <line num="140" count="1" type="stmt"/>
            <line num="142" count="1" type="stmt"/>
            <line num="145" count="1" type="stmt"/>
            <line num="146" count="1" type="stmt"/>
            <line num="147" count="3" type="stmt"/>
         </file>
         <file path="/home/dsr/ece651/ece651-team12-risc/shared/src/test/java/edu/duke/ece651/team12/shared/MoveRequestResolverTest.java" name="MoveRequestResolverTest.java">
            <metrics coveredelements="35" coveredconditionals="0" complexity="1" loc="49" coveredmethods="1" methods="1" elements="35" classes="1" ncloc="44" statements="34" conditionals="0" coveredstatements="34"/>
            <class name="MoveRequestResolverTest">
               <metrics coveredelements="35" complexity="1" methods="1" testruns="1" statements="34" coveredconditionals="0" coveredmethods="1" elements="35" testfailures="0" testduration="0.006" conditionals="0" coveredstatements="34" testpasses="1"/>
            </class>
            <line complexity="1" visibility="public" signature="test() : void" num="9" testsuccess="true" count="1" testduration="0.006" type="method"/>
            <line num="11" count="1" type="stmt"/>
            <line num="12" count="1" type="stmt"/>
            <line num="13" count="1" type="stmt"/>
            <line num="14" count="1" type="stmt"/>
            <line num="15" count="1" type="stmt"/>
            <line num="16" count="1" type="stmt"/>
            <line num="17" count="1" type="stmt"/>
            <line num="18" count="1" type="stmt"/>
            <line num="19" count="1" type="stmt"/>
            <line num="20" count="1" type="stmt"/>
            <line num="21" count="1" type="stmt"/>
            <line num="22" count="1" type="stmt"/>
            <line num="23" count="24" type="stmt"/>
            <line num="25" count="1" type="stmt"/>
            <line num="26" count="1" type="stmt"/>
            <line num="27" count="1" type="stmt"/>
            <line num="28" count="1" type="stmt"/>
            <line num="29" count="1" type="stmt"/>
            <line num="30" count="1" type="stmt"/>
            <line num="31" count="1" type="stmt"/>
            <line num="32" count="1" type="stmt"/>
            <line num="33" count="1" type="stmt"/>
            <line num="34" count="1" type="stmt"/>
            <line num="35" count="1" type="stmt"/>
            <line num="36" count="1" type="stmt"/>
            <line num="37" count="1" type="stmt"/>
            <line num="38" count="1" type="stmt"/>
            <line num="39" count="1" type="stmt"/>
            <line num="41" count="1" type="stmt"/>
            <line num="42" count="1" type="stmt"/>
            <line num="43" count="1" type="stmt"/>
            <line num="44" count="1" type="stmt"/>
            <line num="45" count="1" type="stmt"/>
            <line num="46" count="1" type="stmt"/>
         </file>
         <file path="/home/dsr/ece651/ece651-team12-risc/shared/src/test/java/edu/duke/ece651/team12/shared/MoveCostCheckerTest.java" name="MoveCostCheckerTest.java">
            <metrics coveredelements="1" coveredconditionals="0" complexity="1" loc="10" coveredmethods="1" methods="1" elements="1" classes="1" ncloc="7" statements="0" conditionals="0" coveredstatements="0"/>
            <class name="MoveCostCheckerTest">
               <metrics coveredelements="1" complexity="1" methods="1" testruns="1" statements="0" coveredconditionals="0" coveredmethods="1" elements="1" testfailures="0" testduration="0.0" conditionals="0" coveredstatements="0" testpasses="1"/>
            </class>
            <line complexity="1" visibility="public" signature="test_() : void" num="8" testsuccess="true" count="1" testduration="0.0" type="method"/>
         </file>
         <file path="/home/dsr/ece651/ece651-team12-risc/shared/src/test/java/edu/duke/ece651/team12/shared/SpyTrainOwnershipCheckerTest.java" name="SpyTrainOwnershipCheckerTest.java">
            <metrics coveredelements="38" coveredconditionals="0" complexity="1" loc="114" coveredmethods="1" methods="1" elements="38" classes="1" ncloc="104" statements="37" conditionals="0" coveredstatements="37"/>
            <class name="SpyTrainOwnershipCheckerTest">
               <metrics coveredelements="38" complexity="1" methods="1" testruns="1" statements="37" coveredconditionals="0" coveredmethods="1" elements="38" testfailures="0" testduration="0.003" conditionals="0" coveredstatements="37" testpasses="1"/>
            </class>
            <line complexity="1" visibility="public" signature="test() : void" num="10" testsuccess="true" count="1" testduration="0.003" type="method"/>
            <line num="12" count="1" type="stmt"/>
            <line num="13" count="1" type="stmt"/>
            <line num="14" count="1" type="stmt"/>
            <line num="15" count="1" type="stmt"/>
            <line num="16" count="1" type="stmt"/>
            <line num="17" count="1" type="stmt"/>
            <line num="18" count="1" type="stmt"/>
            <line num="19" count="1" type="stmt"/>
            <line num="20" count="1" type="stmt"/>
            <line num="21" count="1" type="stmt"/>
            <line num="22" count="1" type="stmt"/>
            <line num="23" count="1" type="stmt"/>
            <line num="24" count="24" type="stmt"/>
            <line num="26" count="1" type="stmt"/>
            <line num="27" count="1" type="stmt"/>
            <line num="29" count="1" type="stmt"/>
            <line num="30" count="24" type="stmt"/>
            <line num="41" count="1" type="stmt"/>
            <line num="42" count="1" type="stmt"/>
            <line num="45" count="1" type="stmt"/>
            <line num="48" count="1" type="stmt"/>
            <line num="49" count="24" type="stmt"/>
            <line num="60" count="1" type="stmt"/>
            <line num="61" count="1" type="stmt"/>
            <line num="62" count="1" type="stmt"/>
            <line num="64" count="1" type="stmt"/>
            <line num="65" count="24" type="stmt"/>
            <line num="76" count="1" type="stmt"/>
            <line num="78" count="1" type="stmt"/>
            <line num="81" count="1" type="stmt"/>
            <line num="82" count="24" type="stmt"/>
            <line num="93" count="1" type="stmt"/>
            <line num="94" count="1" type="stmt"/>
            <line num="97" count="1" type="stmt"/>
            <line num="98" count="24" type="stmt"/>
            <line num="109" count="1" type="stmt"/>
            <line num="111" count="1" type="stmt"/>
         </file>
         <file path="/home/dsr/ece651/ece651-team12-risc/shared/src/test/java/edu/duke/ece651/team12/shared/TextMapDisplayerTest.java" name="TextMapDisplayerTest.java">
            <metrics coveredelements="18" coveredconditionals="0" complexity="1" loc="40" coveredmethods="1" methods="1" elements="18" classes="1" ncloc="34" statements="17" conditionals="0" coveredstatements="17"/>
            <class name="TextMapDisplayerTest">
               <metrics coveredelements="18" complexity="1" methods="1" testruns="1" statements="17" coveredconditionals="0" coveredmethods="1" elements="18" testfailures="0" testduration="0.001" conditionals="0" coveredstatements="17" testpasses="1"/>
            </class>
            <line complexity="1" visibility="public" signature="test() : void" num="9" testsuccess="true" count="1" testduration="0.001" type="method"/>
            <line num="11" count="1" type="stmt"/>
            <line num="12" count="1" type="stmt"/>
            <line num="13" count="1" type="stmt"/>
            <line num="14" count="1" type="stmt"/>
            <line num="15" count="1" type="stmt"/>
            <line num="16" count="1" type="stmt"/>
            <line num="17" count="1" type="stmt"/>
            <line num="18" count="1" type="stmt"/>
            <line num="19" count="1" type="stmt"/>
            <line num="20" count="1" type="stmt"/>
            <line num="22" count="1" type="stmt"/>
            <line num="24" count="1" type="stmt"/>
            <line num="26" count="1" type="stmt"/>
            <line num="31" count="1" type="stmt"/>
            <line num="34" count="1" type="stmt"/>
            <line num="36" count="1" type="stmt"/>
            <line num="37" count="1" type="stmt"/>
         </file>
         <file path="/home/dsr/ece651/ece651-team12-risc/shared/src/test/java/edu/duke/ece651/team12/shared/TerritoryTest.java" name="TerritoryTest.java">
            <metrics coveredelements="1" coveredconditionals="0" complexity="1" loc="9" coveredmethods="1" methods="1" elements="1" classes="1" ncloc="7" statements="0" conditionals="0" coveredstatements="0"/>
            <class name="TerritoryTest">
               <metrics coveredelements="1" complexity="1" methods="1" testruns="1" statements="0" coveredconditionals="0" coveredmethods="1" elements="1" testfailures="0" testduration="0.0" conditionals="0" coveredstatements="0" testpasses="1"/>
            </class>
            <line complexity="1" visibility="public" signature="test() : void" num="7" testsuccess="true" count="1" testduration="0.0" type="method"/>
         </file>
      </package>
   </testproject>
</coverage>